<?xml version="1.0" encoding="UTF-8"?>
<!-- Generated by org.testng.reporters.JUnitReportReporter -->
<testsuite skipped="0" hostname="DESKTOP-LMLOJ2T" name="com.demoworkshop.qa.Test.DemoWorkShop_End_To_End" tests="8" failures="0" timestamp="2020-07-14T10:42:46 IST" time="40.442" errors="0">
  <testcase name="TC001_LoginToDemoWebshop" time="0.986" classname="com.demoworkshop.qa.Test.DemoWorkShop_End_To_End"/>
  <system-out>
Click on login page Entered email Entered password  </system-out>
  <testcase name="TC002_Verify_Demowebshop_Homepage_IsDisplayed" time="0.265" classname="com.demoworkshop.qa.Test.DemoWorkShop_End_To_End"/>
  <system-out>
Verifying the home page is displayed Home page is displayed with expected :Tricentis Demo Web Shop is matched with Actual value : Tricentis Demo Web Shop  </system-out>
  <testcase name="TC003_SelectBooks_From_BooksPage" time="5.328" classname="com.demoworkshop.qa.Test.DemoWorkShop_End_To_End"/>
  <system-out>
clicking Books on Demo Web shop Verifying the Books page is displayed Books page is displayed with expected :Books is matched with Actual value : Books Selection of value from drop down Selection of value from drop down Select the picture of health book Enter the Quantity Click on Add to Cart Button  </system-out>
  <testcase name="TC004_SelectDesktops_From_ComputersPage" time="9.056" classname="com.demoworkshop.qa.Test.DemoWorkShop_End_To_End"/>
  <system-out>
Verifying the computers page is displayed computers page is displayed with expected :Computers is matched with Actual value : Computers Clicking Desktop from Demo WebShop Select the Dropdown orderBy Select the Dropdown Display Select Simple Computer Entered The Quantityr Add to Cart first Close the Error Select the Processor Add to cart second  </system-out>
  <testcase name="TC005_SelectJewelry_From_JewelryPage" time="4.373" classname="com.demoworkshop.qa.Test.DemoWorkShop_End_To_End"/>
  <system-out>
Selecting Jewelry from demo webshop Verifying the Jewelry page is displayed Jewelry page is displayed with expected :Jewelry is matched with Actual value : Jewelry Selecting Dropdown orderBy Selecting Dropdown List Add to the Cart first Entered cm for Jewelry Add to the Cart second  </system-out>
  <testcase name="TC006_SelectGiftCard_From_GiftCardPage" time="8.964" classname="com.demoworkshop.qa.Test.DemoWorkShop_End_To_End"/>
  <system-out>
Cliking gift Cards Verifying the Gift card page is displayed Gift card page is displayed with expected :Gift Cards is matched with Actual value : Gift Cards Select The Dropdown of OrderBy Select The Dropdown of Display Clicking Virtual gift card Adding the Quantity Clicking Add to cart first Close the error Enter the Recipient Name Enter the Recipient Email Add to the Cart second  </system-out>
  <testcase name="TC007_SelectShippingCart_From_DemoWebShop" time="11.219" classname="com.demoworkshop.qa.Test.DemoWorkShop_End_To_End"/>
  <system-out>
Clicking Shipping cart Clicking agree checkbox Clicking Check Out Select Billing Address Clicking Billing Continue Select Shipping Adress Clicking Shipping Continue Select Shipping Method Clicking Continue Shipping Select Payment Method clicking payment method continue Clicking Payment information continue Clicking Confrim Order  </system-out>
  <testcase name="TC008_Select_Orders_From_DemoWebShop" time="0.251" classname="com.demoworkshop.qa.Test.DemoWorkShop_End_To_End"/>
  <system-out/>
</testsuite> <!-- com.demoworkshop.qa.Test.DemoWorkShop_End_To_End -->
